===========daily report=================================
date	active	active2	active3	active4	stay	stay3	stay7	stay15	stay30	newnum	newnum_play
121021	5309	3002	1795	1629	0.16167664	0.01724137	0.10344827	0.08620689	0.05172413	393	116
l_date	cash_sum	total_num	avg	l_type
121021	1557	100	15.57	1
121021	3337	181	18.4364640	2
121021	1610	102	15.7843137	3
121021	448	46	9.73913043	4
121021	417	58	7.18965517	5
121021	54	16	3.37500000	6
121021	7523	211	35.6540284	205
date	mon_points	mon_num	coin_points	coin_num	ingame_num	incash_num	cash
121021	7800000	78	3713320	777	720	57	2454
date	total_p	niu_p	niu_n	marj_p	marj_n	bbsk_p	bbsk_n	sk_p	sk_n	sk1_p	sk1_n	hlg_p	hlg_n	mxd_cash	mxd_n
121021	-93942476			-6461400	802	-1012561	118	-6912698	1183	-4654663	370	-4293000	2869		0
count(*)
22016
======================total cash==================
sum(cash_sum)
14946
==========lucky=====
chg_points	user_num
-2682700	558
========================top 3 recharge=============================
member_id	sum(t1.chg_game_points)	vc_stb_id
593360	1285000	01430500901100000E09A4ACFE
1473792	960000	089924001011800024C1245AD7
1291520	840000	011204006011800024C11EE639
========================game info=============================
date	game_desc	chg_points	user_num	total_num
121021	四国军棋	-247600	92	340
121021	百变双扣	-1012561	118	1436
121021	翻翻棋	-180000	136	620
121021	幸运大转盘	-2682700	558	1260
121021	欢乐谷	-4293000	282	1431
121021	三英战吕布	-296800	63	392
121021	4.0新框斗地主	-45600	9	108
121021	4.0新框飞行棋	-80600	10	31
121021	4.0新框关牌	-483652	193	1196
121021	4.0杭麻	-6461400	802	21651
121021	4.0三扣一	-4654663	370	6071
121021	4.0双扣	-6912698	1183	22156
121021	4.0象棋	-465000	216	1056
121021	三张牌	-4847810	391	21605
121021	牛神	-61268392	263	15239
121021	新版本限制充值	38500000	182	297
============================================================new billing_recharge data=================================
recharge 50 limited.
count(distinct t2.vc_account_no)
4
recharge 50 below zero
count(distinct t2.vc_account_no)
5
recharge 50 total
count(distinct t2.vc_account_no)
7
recharge 30 limited.
count(distinct t2.vc_account_no)
0
recharge 30 below zero
count(distinct t2.vc_account_no)
3
recharge 30 total
count(distinct t2.vc_account_no)
9
recharge 10 limited.
count(distinct t2.vc_account_no)
18
recharge 10 below zero
count(distinct t2.vc_account_no)
63
recharge 10 total
count(distinct t2.vc_account_no)
102
recharge 5 limited.
count(distinct t2.vc_account_no)
12
recharge 5 below zero
count(distinct t2.vc_account_no)
49
recharge 5 total
count(distinct t2.vc_account_no)
79
recharge 2 limited.
count(distinct t2.vc_account_no)
29
recharge 2 below zero
count(distinct t2.vc_account_no)
89
recharge 2 total
count(distinct t2.vc_account_no)
140
recharge below -300
count(distinct t2.vc_account_no)	sum(t1.l_money)/100
10	1104.0000
