===========daily report=================================
date	active	active2	active3	active4	stay	stay3	stay7	stay15	stay30	newnum	newnum_play
121023	3363	2363	1070	1519	0.09375000	0.32432432	0.02702702	0.08108108	0.08108108	185	37
l_date	cash_sum	total_num	avg	l_type
121023	279	32	8.71875	1
121023	2003	138	14.5144927	2
121023	210	15	14.0000000	3
121023	137	12	11.4166666	4
121023	78	14	5.57142857	5
121023	8	3	2.66666666	6
121023	1463	45	32.5111111	205
date	mon_points	mon_num	coin_points	coin_num	ingame_num	incash_num	cash
121023	1500000	15	3376460	685	601	41	1559
date	total_p	niu_p	niu_n	marj_p	marj_n	bbsk_p	bbsk_n	sk_p	sk_n	sk1_p	sk1_n	hlg_p	hlg_n	mxd_cash	mxd_n
121023	-36040778			-5806700	768	-1061332	123	-5436484	1068	-3574606	315	-1077000	1251		0
count(*)
11913
======================total cash==================
sum(cash_sum)
4178
==========lucky=====
chg_points	user_num
-570900	306
========================top 3 recharge=============================
member_id	sum(t1.chg_game_points)	vc_stb_id
1439766	360000	011204002051700024C12B1E81
1473792	240000	089924001011800024C1245AD7
1422046	240000	02222601005592002441369671
========================game info=============================
date	game_desc	chg_points	user_num	total_num
121023	四国军棋	-27200	19	44
121023	百变双扣	-1061332	123	1324
121023	翻翻棋	-112500	96	380
121023	幸运大转盘	-570900	306	611
121023	欢乐谷	-1077000	92	359
121023	4.0新框关牌	-373823	146	1062
121023	4.0杭麻	-5806700	768	19864
121023	4.0三扣一	-3574606	315	5186
121023	4.0双扣	-5436484	1068	18559
121023	4.0象棋	-369000	151	820
121023	三张牌	-3174665	246	14975
121023	牛神	-14451568	112	4851
121023	新版本限制充值	23115000	138	187
============================================================new billing_recharge data=================================
recharge 50 limited.
count(distinct t2.vc_account_no)
2
recharge 50 below zero
count(distinct t2.vc_account_no)
4
recharge 50 total
count(distinct t2.vc_account_no)
5
recharge 30 limited.
count(distinct t2.vc_account_no)
0
recharge 30 below zero
count(distinct t2.vc_account_no)
1
recharge 30 total
count(distinct t2.vc_account_no)
1
recharge 10 limited.
count(distinct t2.vc_account_no)
2
recharge 10 below zero
count(distinct t2.vc_account_no)
26
recharge 10 total
count(distinct t2.vc_account_no)
59
recharge 5 limited.
count(distinct t2.vc_account_no)
3
recharge 5 below zero
count(distinct t2.vc_account_no)
13
recharge 5 total
count(distinct t2.vc_account_no)
31
recharge 2 limited.
count(distinct t2.vc_account_no)
5
recharge 2 below zero
count(distinct t2.vc_account_no)
22
recharge 2 total
count(distinct t2.vc_account_no)
41
recharge below -300
count(distinct t2.vc_account_no)	sum(t1.l_money)/100
2	452.0000
