===========daily report=================================
l_date	active	active2	active3	active4	stay	stay3	stay7	stay15	stay30	newnum	newnum_play
121030	3121	2291	941	1299	0.19444444	0.12121212	0.12121212	0.03030303	0.06060606	184	33
l_date	cash_sum	total_num	avg	l_type	name
121030	275	14	19.6428571	201	康德充值
121030	12	6	2.00000000	204	推箱子切水果
121030	1020	35	29.1428571	205	小小西游
121030	148	21	7.04761904	207	赛车
121030	1603	123	13.0325203	501	游戏点充值
121030	95	11	8.63636363	502	炮轰外星人
121030	39	6	6.50000000	503	小鬼当家
121030	488	39	12.5128205	101	拓展充值
l_date	mon_points	mon_num	coin_points	coin_num	ingame_num	incash_num	cash
121030	1600000	16	3403640	695	617	29	1027
l_date	total_p	niu_p	niu_n	marj_p	marj_n	bbsk_p	bbsk_n	sk_p	sk_n	sk1_p	sk1_n	hlg_p	hlg_n	mxd_cash	mxd_n
121030	-24114180	-2702715	84	-6525700	769	-1168987	112	-5972539	1098	-3490692	323	-936000	1058		0
l_date	l_gid	l_game_name	total_num	user_num	avg_num	game_points	cash_sum
121030	228	New_四国军棋	52	20	3	-29600	0
121030	230	4.0百变双扣	1428	112	13	-1168987	0
121030	234	New_翻翻棋	283	83	3	-87500	0
121030	246	New_幸运大转盘	587	277	2	-578900	0
121030	250	New_欢乐谷	3676	1058	3	-936000	0
121030	303	4.0飞行棋	16	2	8	-4800	0
121030	304	4.0关牌	1075	160	7	-377622	0
121030	305	4.0杭麻	21422	769	28	-6525700	0
121030	306	4.0牛牛	3418	84	41	-2702715	0
121030	307	4.0三扣一	5044	323	16	-3490692	0
121030	308	4.0双扣	20245	1098	18	-5972539	0
121030	310	4.0象棋	808	141	6	-318000	0
121030	311	4.0五子棋	24	9	3	-1000	0
121030	312	4.0五子棋禁手	6	3	2	0	0
121030	313	4.3炸金花	17341	223	78	-4940125	0
121030	501	牛神活动版	29	3	10	3020000	0
121030	999	新版正式计费充值	173	123	1	18160000	0
count(*)
17007
======================total cash==================
sum(cash_sum)
3697
==========lucky=====
chg_points	user_num
-578900	277
========================top 3 recharge=============================
member_id	sum(t1.chg_game_points)	vc_stb_id
1368184	1025000	081004006051800024C1264287
1352908	480000	011204004011600024C115F1CB
1499059	480000	120317006051000019F05F4A6D
========================game info=============================
l_date	game_id	game_desc	chg_points	user_num	total_num
121030	228	四国军棋	-29600	20	52
121030	230	百变双扣	-1168987	112	1428
121030	234	翻翻棋	-87500	83	283
121030	246	幸运大转盘	-578900	277	587
121030	250	欢乐谷	-936000	64	312
121030	303	4.0新框飞行棋	-4800	2	16
121030	304	4.0新框关牌	-377622	160	1075
121030	305	4.0杭麻	-6525700	769	21422
121030	306	4.0牛牛	-2702715	84	3418
121030	307	4.0三扣一	-3490692	323	5044
121030	308	4.0双扣	-5972539	1098	20245
121030	310	4.0象棋	-318000	141	808
121030	313	三张牌	-4940125	223	17341
121030	501	牛神	3020000	3	29
121030	999	新版本限制充值	18160000	123	173
============================================================new billing_recharge data=================================
recharge 50 limited.
count(distinct t2.vc_account_no)
0
recharge 50 below zero
count(distinct t2.vc_account_no)
3
recharge 50 total
count(distinct t2.vc_account_no)
3
recharge 30 limited.
count(distinct t2.vc_account_no)
0
recharge 30 below zero
count(distinct t2.vc_account_no)
1
recharge 30 total
count(distinct t2.vc_account_no)
2
recharge 10 limited.
count(distinct t2.vc_account_no)
8
recharge 10 below zero
count(distinct t2.vc_account_no)
31
recharge 10 total
count(distinct t2.vc_account_no)
52
recharge 5 limited.
count(distinct t2.vc_account_no)
4
recharge 5 below zero
count(distinct t2.vc_account_no)
15
recharge 5 total
count(distinct t2.vc_account_no)
30
recharge 2 limited.
count(distinct t2.vc_account_no)
8
recharge 2 below zero
count(distinct t2.vc_account_no)
39
recharge 2 total
count(distinct t2.vc_account_no)
55
recharge below -300
count(distinct t2.vc_account_no)	sum(t1.l_money)/100
3	67.0000
