===========daily report=================================
l_date	active	active2	active3	active4	stay	stay3	stay7	stay15	stay30	newnum	newnum_play
121102	3151	1980	863	734		0.13513513	0.13513513	0.05405405	0	215	37
l_date	cash_sum	total_num	avg	l_type	name
121102	356	41	8.68292682	201	康德充值
121102	10	4	2.50000000	204	推箱子切水果
121102	1686	54	31.2222222	205	小小西游
121102	322	51	6.31372549	207	赛车
121102	1079	81	13.3209876	501	游戏点充值
121102	112	12	9.33333333	502	炮轰外星人
121102	75	10	7.50000000	503	小鬼当家
121102	352	28	12.5714285	101	拓展充值
l_date	mon_points	mon_num	coin_points	coin_num	ingame_num	incash_num	cash
121102	14100000	141	2161570	441	439	22	823
l_date	total_p	niu_p	niu_n	marj_p	marj_n	bbsk_p	bbsk_n	sk_p	sk_n	sk1_p	sk1_n	hlg_p	hlg_n	mxd_cash	mxd_n
121102	-24509188			-4760300	720	-492053	79	-4445452	1000	-2362162	254	-1074000	1225		0
l_date	l_gid	l_game_name	total_num	user_num	avg_num	game_points	cash_sum
121102	228	New_四国军棋	224	54	4	-168000	0
121102	230	4.0百变双扣	760	79	10	-492053	0
121102	234	New_翻翻棋	256	77	3	-67500	0
121102	246	New_幸运大转盘	447	216	2	-730100	0
121102	250	New_欢乐谷	4047	1225	3	-1074000	0
121102	303	4.0飞行棋	1	1	1	-8000	0
121102	304	4.0关牌	570	113	5	-209416	0
121102	305	4.0杭麻	15840	720	22	-4760300	0
121102	307	4.0三扣一	3750	254	15	-2362162	0
121102	308	4.0双扣	14526	1000	15	-4445452	0
121102	310	4.0象棋	500	104	5	-195000	0
121102	311	4.0五子棋	114	22	5	-7000	0
121102	312	4.0五子棋禁手	28	5	6	-2000	0
121102	313	4.3炸金花	13700	235	58	-9988205	0
121102	999	新版正式计费充值	95	77	1	11265000	0
count(*)
18826
======================total cash==================
sum(cash_sum)
3992
==========lucky=====
chg_points	user_num
-730100	216
========================top 3 recharge=============================
member_id	sum(t1.chg_game_points)	vc_stb_id
1369428	1800000	014404002051800024C1284F1F
1497522	135000	0223370010501054CDA71316BA
1377763	135000	120417002051700019F04F4B39
========================game info=============================
l_date	game_id	game_desc	chg_points	user_num	total_num
121102	228	四国军棋	-168000	54	224
121102	230	百变双扣	-492053	79	760
121102	234	翻翻棋	-67500	77	256
121102	246	幸运大转盘	-730100	216	447
121102	250	欢乐谷	-1074000	75	358
121102	303	4.0新框飞行棋	-8000	1	1
121102	304	4.0新框关牌	-209416	113	570
121102	305	4.0杭麻	-4760300	720	15840
121102	307	4.0三扣一	-2362162	254	3750
121102	308	4.0双扣	-4445452	1000	14526
121102	310	4.0象棋	-195000	104	500
121102	313	三张牌	-9988205	235	13700
121102	999	新版本限制充值	11265000	77	95
============================================================new billing_recharge data=================================
recharge 50 limited.
count(distinct t2.vc_account_no)
1
recharge 50 below zero
count(distinct t2.vc_account_no)
1
recharge 50 total
count(distinct t2.vc_account_no)
2
recharge 30 limited.
count(distinct t2.vc_account_no)
1
recharge 30 below zero
count(distinct t2.vc_account_no)
1
recharge 30 total
count(distinct t2.vc_account_no)
2
recharge 10 limited.
count(distinct t2.vc_account_no)
4
recharge 10 below zero
count(distinct t2.vc_account_no)
24
recharge 10 total
count(distinct t2.vc_account_no)
45
recharge 5 limited.
count(distinct t2.vc_account_no)
3
recharge 5 below zero
count(distinct t2.vc_account_no)
15
recharge 5 total
count(distinct t2.vc_account_no)
31
recharge 2 limited.
count(distinct t2.vc_account_no)
16
recharge 2 below zero
count(distinct t2.vc_account_no)
47
recharge 2 total
count(distinct t2.vc_account_no)
71
recharge below -300
count(distinct t2.vc_account_no)	sum(t1.l_money)/100
3	12.0000
