===========daily report=================================
l_date	active	active2	active3	active4	stay	stay3	stay7	stay15	stay30	newnum	newnum_play
121025	2907	2061	1022	820	0.18750000	0.10714285	0.03571428	0.03571428	0	191	28
l_date	cash_sum	total_num	avg	l_type
121025	195	20	9.75	1
121025	1682	127	13.2440944	2
121025	156	14	11.1428571	3
121025	24	4	6.00000000	4
121025	77	13	5.92307692	5
121025	10	3	3.33333333	6
121025	1287	57	22.5789473	205
l_date	mon_points	mon_num	coin_points	coin_num	ingame_num	incash_num	cash
121025	1200000	12	1625150	318	273	13	455
count(*)
13684
======================total cash==================
sum(cash_sum)
3431
==========lucky=====
chg_points	user_num
-417200	156
========================top 3 recharge=============================
member_id	sum(t1.chg_game_points)	vc_stb_id
1292765	240000	014404001051700024C1163ABD
1303397	240000	0101040010111052544C27E928
1518223	185000	01232300505260001A34D6A028
========================game info=============================
l_date	game_desc	chg_points	user_num	total_num
121025	四国军棋	-40400	27	60
121025	百变双扣	-772200	97	908
121025	翻翻棋	-80000	78	258
121025	幸运大转盘	-417200	156	304
121025	欢乐谷	-1020000	71	340
121025	4.0新框飞行棋	-120000	15	36
121025	4.0新框关牌	-270621	120	734
121025	4.0杭麻	-4042600	631	13561
121025	4.0牛牛	-4000	2	8
121025	4.0三扣一	-2192546	268	3902
121025	4.0双扣	-3466334	877	12088
121025	4.0象棋	-183000	126	454
121025	三张牌	-4840630	188	9856
121025	牛神	-15100364	71	4196
121025	新版本限制充值	15445000	94	121
============================================================new billing_recharge data=================================
recharge 50 limited.
count(distinct t2.vc_account_no)
0
recharge 50 below zero
count(distinct t2.vc_account_no)
2
recharge 50 total
count(distinct t2.vc_account_no)
4
recharge 30 limited.
count(distinct t2.vc_account_no)
0
recharge 30 below zero
count(distinct t2.vc_account_no)
5
recharge 30 total
count(distinct t2.vc_account_no)
7
recharge 10 limited.
count(distinct t2.vc_account_no)
5
recharge 10 below zero
count(distinct t2.vc_account_no)
35
recharge 10 total
count(distinct t2.vc_account_no)
61
recharge 5 limited.
count(distinct t2.vc_account_no)
1
recharge 5 below zero
count(distinct t2.vc_account_no)
15
recharge 5 total
count(distinct t2.vc_account_no)
32
recharge 2 limited.
count(distinct t2.vc_account_no)
6
recharge 2 below zero
count(distinct t2.vc_account_no)
28
recharge 2 total
count(distinct t2.vc_account_no)
45
recharge below -300
count(distinct t2.vc_account_no)	sum(t1.l_money)/100
2	126.0000
