===========daily report=================================
l_date	active	active2	active3	active4	stay	stay3	stay7	stay15	stay30	newnum	newnum_play
121105	2850	2161	1239	1135	0.03669724	0.06896551	0.06896551	0.10344827	0	178	29
l_date	cash_sum	total_num	avg	l_type	name
121105	237	19	12.4736842	201	康德充值
121105	8	2	4.00000000	204	推箱子切水果
121105	290	17	17.0588235	205	小小西游
121105	231	31	7.45161290	207	赛车
121105	1100	100	11.0000000	501	游戏点充值
121105	18	4	4.50000000	502	炮轰外星人
121105	13	3	4.33333333	503	小鬼当家
121105	294	20	14.7000000	101	拓展充值
l_date	mon_points	mon_num	coin_points	coin_num	ingame_num	incash_num	cash
121105	2800000	28	3161350	640	582	24	715
l_date	total_p	niu_p	niu_n	marj_p	marj_n	bbsk_p	bbsk_n	sk_p	sk_n	sk1_p	sk1_n	hlg_p	hlg_n	mxd_cash	mxd_n
121105	-29981721	-1882395	44	-5856807	753	-595335	93	-5944752	1074	-2931368	287	-477000	869		0
l_date	l_gid	l_game_name	total_num	user_num	avg_num	game_points	cash_sum
121105	228	New_四国军棋	44	15	3	-32800	0
121105	230	4.0百变双扣	1004	93	11	-595335	0
121105	234	New_翻翻棋	182	63	3	-40000	0
121105	246	New_幸运大转盘	479	242	2	-370400	0
121105	250	New_欢乐谷	2796	869	3	-477000	0
121105	302	4.0斗地主	8	6	1	-50000	0
121105	304	4.0关牌	574	108	5	-205814	0
121105	305	4.0杭麻	20083	753	27	-5856807	0
121105	306	4.0牛牛	2220	44	50	-1882395	0
121105	307	4.0三扣一	5028	287	18	-2931368	0
121105	308	4.0双扣	20093	1074	19	-5944752	0
121105	310	4.0象棋	696	125	6	-201000	0
121105	311	4.0五子棋	70	13	5	-4000	0
121105	312	4.0五子棋禁手	10	2	5	0	0
121105	313	4.3炸金花	17019	200	85	-11390050	0
121105	999	新版正式计费充值	124	101	1	12640000	0
count(*)
11940
======================total cash==================
sum(cash_sum)
2191
==========lucky=====
chg_points	user_num
-370400	242
========================top 3 recharge=============================
member_id	sum(t1.chg_game_points)	vc_stb_id
1493639	1320000	120317003051000019F053F47E
1470971	245000	017143002050303C91570029A3
747460	170000	01430500901100000E09AF18B9
=========================active gate login=================================
l_date	l_gate	count(DISTINCT vc_stb_id )
121105	gate_castellan	2655
121105	gate_hdtv	299
121105	gate_nong	266
121105	gate_xj	651
l_date	count(DISTINCT vc_stb_id )
121105	3795
========================game info=============================
l_date	game_id	game_desc	chg_points	user_num	total_num
121105	228	四国军棋	-32800	15	44
121105	230	百变双扣	-595335	93	1004
121105	234	翻翻棋	-40000	63	182
121105	246	幸运大转盘	-370400	242	479
121105	250	欢乐谷	-477000	41	159
121105	302	4.0新框斗地主	-50000	6	8
121105	304	4.0新框关牌	-205814	108	574
121105	305	4.0杭麻	-5856807	753	20083
121105	306	4.0牛牛	-1882395	44	2220
121105	307	4.0三扣一	-2931368	287	5028
121105	308	4.0双扣	-5944752	1074	20093
121105	310	4.0象棋	-201000	125	696
121105	313	三张牌	-11390050	200	17019
121105	999	新版本限制充值	12640000	101	124
