===========daily report=================================
l_date	active	active2	active3	active4	stay	stay3	stay7	stay15	stay30	newnum	newnum_play
121103	4454	2228	1081	935	0.38636363	0.08490566	0.10377358	0.04716981	0.13207547	430	106
l_date	cash_sum	total_num	avg	l_type	name
121103	1161	107	10.8504672	201	康德充值
121103	54	17	3.17647058	204	推箱子切水果
121103	4428	139	31.8561151	205	小小西游
121103	1732	183	9.46448087	207	赛车
121103	2120	169	12.5443786	501	游戏点充值
121103	295	29	10.1724137	502	炮轰外星人
121103	138	26	5.30769230	503	小鬼当家
121103	1404	61	23.0163934	101	拓展充值
l_date	mon_points	mon_num	coin_points	coin_num	ingame_num	incash_num	cash
121103	17200000	172	3340530	701	683	43	1756
l_date	total_p	niu_p	niu_n	marj_p	marj_n	bbsk_p	bbsk_n	sk_p	sk_n	sk1_p	sk1_n	hlg_p	hlg_n	mxd_cash	mxd_n
121103	-32354919	-445435	29	-6480300	804	-927834	125	-6861428	1196	-3909211	347	-3720000	2192		0
l_date	l_gid	l_game_name	total_num	user_num	avg_num	game_points	cash_sum
121103	228	New_四国军棋	644	115	6	-495600	0
121103	230	4.0百变双扣	1476	125	12	-927834	0
121103	234	New_翻翻棋	482	118	4	-172500	0
121103	246	New_幸运大转盘	1005	439	2	-2209300	0
121103	250	New_欢乐谷	8160	2192	4	-3720000	0
121103	303	4.0飞行棋	91	15	6	-156600	0
121103	304	4.0关牌	1010	141	7	-401441	0
121103	305	4.0杭麻	21581	804	27	-6480300	0
121103	306	4.0牛牛	891	29	31	-445435	0
121103	307	4.0三扣一	6203	347	18	-3909211	0
121103	308	4.0双扣	21668	1196	18	-6861428	0
121103	310	4.0象棋	838	150	6	-339000	0
121103	311	4.0五子棋	126	24	5	-4000	0
121103	312	4.0五子棋禁手	24	7	3	-2000	0
121103	313	4.3炸金花	22996	377	61	-6230270	0
121103	999	新版正式计费充值	213	170	1	24945000	0
count(*)
25141
======================total cash==================
sum(cash_sum)
11332
==========lucky=====
chg_points	user_num
-2209300	439
========================top 3 recharge=============================
member_id	sum(t1.chg_game_points)	vc_stb_id
1443199	3720000	014204001011600024C1206297
1330839	2640000	014204001011600024C1206236
1424622	1040000	01513800105050988E3427BBE0
========================game info=============================
l_date	game_id	game_desc	chg_points	user_num	total_num
121103	228	四国军棋	-495600	115	644
121103	230	百变双扣	-927834	125	1476
121103	234	翻翻棋	-172500	118	482
121103	246	幸运大转盘	-2209300	439	1005
121103	250	欢乐谷	-3720000	198	1240
121103	303	4.0新框飞行棋	-156600	15	91
121103	304	4.0新框关牌	-401441	141	1010
121103	305	4.0杭麻	-6480300	804	21581
121103	306	4.0牛牛	-445435	29	891
121103	307	4.0三扣一	-3909211	347	6203
121103	308	4.0双扣	-6861428	1196	21668
121103	310	4.0象棋	-339000	150	838
121103	313	三张牌	-6230270	377	22996
121103	999	新版本限制充值	24945000	170	213
============================================================new billing_recharge data=================================
recharge 50 limited.
count(distinct t2.vc_account_no)
2
recharge 50 below zero
count(distinct t2.vc_account_no)
6
recharge 50 total
count(distinct t2.vc_account_no)
7
recharge 30 limited.
count(distinct t2.vc_account_no)
0
recharge 30 below zero
count(distinct t2.vc_account_no)
1
recharge 30 total
count(distinct t2.vc_account_no)
2
recharge 10 limited.
count(distinct t2.vc_account_no)
21
recharge 10 below zero
count(distinct t2.vc_account_no)
66
recharge 10 total
count(distinct t2.vc_account_no)
119
recharge 5 limited.
count(distinct t2.vc_account_no)
19
recharge 5 below zero
count(distinct t2.vc_account_no)
51
recharge 5 total
count(distinct t2.vc_account_no)
80
recharge 2 limited.
count(distinct t2.vc_account_no)
44
recharge 2 below zero
count(distinct t2.vc_account_no)
121
recharge 2 total
count(distinct t2.vc_account_no)
187
recharge below -300
count(distinct t2.vc_account_no)	sum(t1.l_money)/100
7	223.0000
