===========daily report=================================
l_date	active	active2	active3	active4	stay	stay3	stay7	stay15	stay30	newnum	newnum_play
121101	2848	2093	810	703	0.21951219					1	0
l_date	cash_sum	total_num	avg	l_type	name
121101	170	23	7.39130434	201	康德充值
121101	30	7	4.28571428	204	推箱子切水果
121101	1032	31	33.2903225	205	小小西游
121101	18	5	3.60000000	207	赛车
121101	1410	75	18.8000000	501	游戏点充值
121101	20	4	5.00000000	502	炮轰外星人
121101	56	11	5.09090909	503	小鬼当家
121101	116	16	7.25000000	101	拓展充值
l_date	mon_points	mon_num	coin_points	coin_num	ingame_num	incash_num	cash
121101	66100000	661	3130880	636	723	10	286
l_date	total_p	niu_p	niu_n	marj_p	marj_n	bbsk_p	bbsk_n	sk_p	sk_n	sk1_p	sk1_n	hlg_p	hlg_n	mxd_cash	mxd_n
121101	-24992382	795198	5	-6005298	776	-605164	85	-5194042	1036	-3225069	299	-780000	898		0
l_date	l_gid	l_game_name	total_num	user_num	avg_num	game_points	cash_sum
121101	228	New_四国军棋	60	20	3	-43200	0
121101	230	4.0百变双扣	796	85	9	-605164	0
121101	234	New_翻翻棋	188	67	3	-57500	0
121101	246	New_幸运大转盘	506	245	2	-575800	0
121101	250	New_欢乐谷	3062	898	3	-780000	0
121101	303	4.0飞行棋	1	1	1	-8000	0
121101	304	4.0关牌	852	140	6	-308422	0
121101	305	4.0杭麻	20878	776	27	-6005298	0
121101	306	4.0牛牛	140	5	28	795198	0
121101	307	4.0三扣一	5353	299	18	-3225069	0
121101	308	4.0双扣	17366	1036	17	-5194042	0
121101	310	4.0象棋	614	120	5	-237000	0
121101	311	4.0五子棋	96	12	8	-3000	0
121101	312	4.0五子棋禁手	16	7	2	0	0
121101	313	4.3炸金花	16236	206	79	-8745085	0
121101	999	新版正式计费充值	135	75	2	16095000	0
count(*)
14032
======================total cash==================
sum(cash_sum)
2852
==========lucky=====
chg_points	user_num
-575800	245
========================top 3 recharge=============================
member_id	sum(t1.chg_game_points)	vc_stb_id
1519845	135000	01411800205110F0C24CC06A01
1374654	120000	01163800105040988E34084B72
1215836	120000	01430500901100000E09E0AA44
========================game info=============================
l_date	game_id	game_desc	chg_points	user_num	total_num
121101	228	四国军棋	-43200	20	60
121101	230	百变双扣	-605164	85	796
121101	234	翻翻棋	-57500	67	188
121101	246	幸运大转盘	-575800	245	506
121101	250	欢乐谷	-780000	52	260
121101	303	4.0新框飞行棋	-8000	1	1
121101	304	4.0新框关牌	-308422	140	852
121101	305	4.0杭麻	-6005298	776	20878
121101	306	4.0牛牛	795198	5	140
121101	307	4.0三扣一	-3225069	299	5353
121101	308	4.0双扣	-5194042	1036	17366
121101	310	4.0象棋	-237000	120	614
121101	313	三张牌	-8745085	206	16236
121101	999	新版本限制充值	16095000	75	135
============================================================new billing_recharge data=================================
recharge 50 limited.
count(distinct t2.vc_account_no)
0
recharge 50 below zero
count(distinct t2.vc_account_no)
0
recharge 50 total
count(distinct t2.vc_account_no)
1
recharge 30 limited.
count(distinct t2.vc_account_no)
0
recharge 30 below zero
count(distinct t2.vc_account_no)
4
recharge 30 total
count(distinct t2.vc_account_no)
4
recharge 10 limited.
count(distinct t2.vc_account_no)
3
recharge 10 below zero
count(distinct t2.vc_account_no)
21
recharge 10 total
count(distinct t2.vc_account_no)
30
recharge 5 limited.
count(distinct t2.vc_account_no)
2
recharge 5 below zero
count(distinct t2.vc_account_no)
8
recharge 5 total
count(distinct t2.vc_account_no)
21
recharge 2 limited.
count(distinct t2.vc_account_no)
4
recharge 2 below zero
count(distinct t2.vc_account_no)
24
recharge 2 total
count(distinct t2.vc_account_no)
43
recharge below -300
count(distinct t2.vc_account_no)	sum(t1.l_money)/100
1	10.0000
