===========daily report=================================
l_date	active	active2	active3	active4	stay	stay3	stay7	stay15	stay30	newnum	newnum_play
121104	4176	2601	1338	1161	0.22727272	0	0.11926605	0.01834862	0.00917431	395	109
l_date	cash_sum	total_num	avg	l_type	name
121104	1249	93	13.4301075	201	康德充值
121104	40	14	2.85714285	204	推箱子切水果
121104	2894	105	27.5619047	205	小小西游
121104	1094	134	8.16417910	207	赛车
121104	2137	126	16.9603174	501	游戏点充值
121104	239	28	8.53571428	502	炮轰外星人
121104	123	21	5.85714285	503	小鬼当家
121104	3384	63	53.7142857	101	拓展充值
l_date	mon_points	mon_num	coin_points	coin_num	ingame_num	incash_num	cash
121104	11000000	110	3349510	699	669	36	1757
l_date	total_p	niu_p	niu_n	marj_p	marj_n	bbsk_p	bbsk_n	sk_p	sk_n	sk1_p	sk1_n	hlg_p	hlg_n	mxd_cash	mxd_n
121104	-32278370	-1283578	51	-6685408	804	-858351	107	-6950508	1182	-3831911	363	-2694000	1928		0
l_date	l_gid	l_game_name	total_num	user_num	avg_num	game_points	cash_sum
121104	228	New_四国军棋	516	102	5	-359200	0
121104	230	4.0百变双扣	1100	107	10	-858351	0
121104	234	New_翻翻棋	396	110	4	-112500	0
121104	246	New_幸运大转盘	812	375	2	-1600200	0
121104	250	New_欢乐谷	7322	1928	4	-2694000	0
121104	253	4.0三英战吕布	188	38	5	-140000	0
121104	303	4.0飞行棋	4	3	1	-25000	0
121104	304	4.0关牌	786	135	6	-305429	0
121104	305	4.0杭麻	22445	804	28	-6685408	0
121104	306	4.0牛牛	1789	51	35	-1283578	0
121104	307	4.0三扣一	5723	363	16	-3831911	0
121104	308	4.0双扣	22304	1182	19	-6950508	0
121104	309	4.0梭哈	2	2	1	-3700	0
121104	310	4.0象棋	860	158	5	-318000	0
121104	311	4.0五子棋	140	26	5	-6000	0
121104	312	4.0五子棋禁手	12	5	2	-2000	0
121104	313	4.3炸金花	23037	354	65	-7102585	0
121104	999	新版正式计费充值	175	123	1	24025000	0
count(*)
21967
======================total cash==================
sum(cash_sum)
11160
==========lucky=====
chg_points	user_num
-1600200	375
========================top 3 recharge=============================
member_id	sum(t1.chg_game_points)	vc_stb_id
1443199	25920000	014204001011600024C1206297
1330839	6720000	014204001011600024C1206236
1493639	720000	120317003051000019F053F47E
========================game info=============================
l_date	game_id	game_desc	chg_points	user_num	total_num
121104	228	四国军棋	-359200	102	516
121104	230	百变双扣	-858351	107	1100
121104	234	翻翻棋	-112500	110	396
121104	246	幸运大转盘	-1600200	375	812
121104	250	欢乐谷	-2694000	178	898
121104	253	三英战吕布	-140000	38	188
121104	303	4.0新框飞行棋	-25000	3	4
121104	304	4.0新框关牌	-305429	135	786
121104	305	4.0杭麻	-6685408	804	22445
121104	306	4.0牛牛	-1283578	51	1789
121104	307	4.0三扣一	-3831911	363	5723
121104	308	4.0双扣	-6950508	1182	22304
121104	309	4.0梭哈	-3700	2	2
121104	310	4.0象棋	-318000	158	860
121104	313	三张牌	-7102585	354	23037
121104	999	新版本限制充值	24025000	123	175
============================================================new billing_recharge data=================================
recharge 50 limited.
count(distinct t2.vc_account_no)
4
recharge 50 below zero
count(distinct t2.vc_account_no)
7
recharge 50 total
count(distinct t2.vc_account_no)
7
recharge 30 limited.
count(distinct t2.vc_account_no)
0
recharge 30 below zero
count(distinct t2.vc_account_no)
3
recharge 30 total
count(distinct t2.vc_account_no)
4
recharge 10 limited.
count(distinct t2.vc_account_no)
17
recharge 10 below zero
count(distinct t2.vc_account_no)
56
recharge 10 total
count(distinct t2.vc_account_no)
94
recharge 5 limited.
count(distinct t2.vc_account_no)
14
recharge 5 below zero
count(distinct t2.vc_account_no)
41
recharge 5 total
count(distinct t2.vc_account_no)
72
recharge 2 limited.
count(distinct t2.vc_account_no)
24
recharge 2 below zero
count(distinct t2.vc_account_no)
90
recharge 2 total
count(distinct t2.vc_account_no)
134
recharge below -300
count(distinct t2.vc_account_no)	sum(t1.l_money)/100
8	101.0000
