===========daily report=================================
l_date	active	active2	active3	active4	stay	stay3	stay7	stay15	stay30	newnum	newnum_play
121106	2794	2098	842	1071	0.21875000	0.13043478	0.04347826	0	0.02173913	199	46
l_date	cash_sum	total_num	avg	l_type	name
121106	69	13	5.30769230	201	康德充值
121106	2	1	2.00000000	204	推箱子切水果
121106	622	21	29.6190476	205	小小西游
121106	170	27	6.29629629	207	赛车
121106	835	91	9.17582417	501	游戏点充值
121106	49	5	9.80000000	502	炮轰外星人
121106	33	5	6.60000000	503	小鬼当家
121106	361	16	22.5625000	101	拓展充值
121106	667	40	16.6750000	991	新疆充值
l_date	mon_points	mon_num	coin_points	coin_num	ingame_num	incash_num	cash
121106	2400000	24	3146730	642	573	20	691
l_date	total_p	niu_p	niu_n	marj_p	marj_n	bbsk_p	bbsk_n	sk_p	sk_n	sk1_p	sk1_n	hlg_p	hlg_n	mxd_cash	mxd_n
121106	-23071204	-930326	37	-5737900	748	-353714	71	-5619586	1061	-3155990	287	-546000	869		0
l_date	l_gid	l_game_name	total_num	user_num	avg_num	game_points	cash_sum
121106	228	New_四国军棋	52	17	3	-38000	0
121106	230	4.0百变双扣	516	71	7	-353714	0
121106	234	New_翻翻棋	136	49	3	-17500	0
121106	246	New_幸运大转盘	438	223	2	-208200	0
121106	250	New_欢乐谷	2788	869	3	-546000	0
121106	303	4.0飞行棋	2	2	1	-4000	0
121106	304	4.0关牌	680	100	7	-235213	0
121106	305	4.0杭麻	19653	748	26	-5737900	0
121106	306	4.0牛牛	1480	37	40	-930326	0
121106	307	4.0三扣一	4754	287	17	-3155990	0
121106	308	4.0双扣	19104	1061	18	-5619586	0
121106	310	4.0象棋	612	115	5	-222000	0
121106	311	4.0五子棋	88	12	7	-3000	0
121106	313	4.3炸金花	17281	191	90	-5999775	0
121106	999	新版正式计费充值	100	90	1	9560000	0
count(*)
11620
======================total cash==================
sum(cash_sum)
2808
==========lucky=====
chg_points	user_num
-208200	223
========================top 3 recharge=============================
member_id	sum(t1.chg_game_points)	vc_stb_id
1495569	1800000	015117004051000019F05D7813
1438256	960000	014204001011600024C1203B89
1371505	360000	010104002011800024C121DA09
=========================active gate login=================================
l_date	l_gate	count(DISTINCT vc_stb_id )
121106	gate_castellan	2574
121106	gate_hdtv	305
121106	gate_nong	230
121106	gate_xj	644
l_date	count(DISTINCT vc_stb_id )
121106	3701
========================game info=============================
l_date	game_id	game_desc	chg_points	user_num	total_num
121106	228	四国军棋	-38000	17	52
121106	230	百变双扣	-353714	71	516
121106	234	翻翻棋	-17500	49	136
121106	246	幸运大转盘	-208200	223	438
121106	250	欢乐谷	-546000	43	182
121106	303	4.0新框飞行棋	-4000	2	2
121106	304	4.0新框关牌	-235213	100	680
121106	305	4.0杭麻	-5737900	748	19653
121106	306	4.0牛牛	-930326	37	1480
121106	307	4.0三扣一	-3155990	287	4754
121106	308	4.0双扣	-5619586	1061	19104
121106	310	4.0象棋	-222000	115	612
121106	313	三张牌	-5999775	191	17281
121106	999	新版本限制充值	9560000	90	100
