===========daily report=================================
date	active	active2	active3	active4	stay	stay3	stay7	stay15	stay30	newnum	newnum_play
121019	4061	2320	976	857	0.21276595	0.04411764	0	0.11764705	0.07352941	277	68
l_date	cash_sum	total_num	avg	l_type
121019	855	59	14.4915254	1
121019	1631	131	12.4503816	2
121019	502	49	10.2448979	3
121019	145	21	6.90476190	4
121019	149	23	6.47826086	5
121019	34	11	3.09090909	6
121019	3264	125	26.1120000	205
date	mon_points	mon_num	coin_points	coin_num	ingame_num	incash_num	cash
121019	5900000	59	3509710	713	650	45	2443
date	total_p	niu_p	niu_n	marj_p	marj_n	bbsk_p	bbsk_n	sk_p	sk_n	sk1_p	sk1_n	hlg_p	hlg_n	mxd_cash	mxd_n
121019	-41109886			-5812406	792	-1247692	116	-5612372	1067	-3259480	326	-2169000	1866		0
count(*)
15530
======================total cash==================
sum(cash_sum)
6580
==========lucky=====
chg_points	user_num
-1147600	365
========================top 3 recharge=============================
member_id	sum(t1.chg_game_points)	vc_stb_id
1510299	1680000	012204001051700024C12D764E
1446275	1200000	081004008051800024C12C8ABE
1257673	480000	011804001011600024C119EF1B
========================game info=============================
date	game_desc	chg_points	user_num	total_num
121019	四国军棋	-132000	59	188
121019	百变双扣	-1247692	116	1532
121019	翻翻棋	-135000	100	358
121019	幸运大转盘	-1147600	365	789
121019	欢乐谷	-2169000	153	723
121019	三英战吕布	-40000	6	40
121019	4.0新框斗地主	-11800	5	15
121019	4.0新框飞行棋	-88400	11	32
121019	4.0新框关牌	-343230	136	904
121019	4.0杭麻	-5812406	792	19767
121019	4.0三扣一	-3259480	326	5304
121019	4.0双扣	-5612372	1067	19068
121019	4.0象棋	-369000	167	776
121019	三张牌	-2172245	290	15252
121019	牛神	-18561661	149	5947
121019	新版本限制充值	18495000	131	181
============================================================new billing_recharge data=================================
recharge 50 limited.
count(distinct t2.vc_account_no)
1
recharge 50 below zero
count(distinct t2.vc_account_no)
2
recharge 50 total
count(distinct t2.vc_account_no)
2
recharge 30 limited.
count(distinct t2.vc_account_no)
3
recharge 30 below zero
count(distinct t2.vc_account_no)
4
recharge 30 total
count(distinct t2.vc_account_no)
8
recharge 10 limited.
count(distinct t2.vc_account_no)
10
recharge 10 below zero
count(distinct t2.vc_account_no)
45
recharge 10 total
count(distinct t2.vc_account_no)
84
recharge 5 limited.
count(distinct t2.vc_account_no)
7
recharge 5 below zero
count(distinct t2.vc_account_no)
29
recharge 5 total
count(distinct t2.vc_account_no)
48
recharge 2 limited.
count(distinct t2.vc_account_no)
16
recharge 2 below zero
count(distinct t2.vc_account_no)
62
recharge 2 total
count(distinct t2.vc_account_no)
94
recharge below -300
count(distinct t2.vc_account_no)	sum(t1.l_money)/100
1	30.0000
