===========daily report=================================
l_date	active	active2	active3	active4	stay	stay3	stay7	stay15	stay30	newnum	newnum_play
121027	5059	2513	1309	1050	0.21666666	0.06923076	0.16153846	0	0.03076923	412	130
l_date	cash_sum	total_num	avg	l_type
121027	1751	79	22.164557	1
121027	2837	198	14.3282828	2
121027	1795	144	12.4652777	3
121027	301	35	8.60000000	4
121027	477	61	7.81967213	5
121027	96	26	3.69230769	6
121027	7632	219	34.8493150	205
l_date	mon_points	mon_num	coin_points	coin_num	ingame_num	incash_num	cash
121027	6500000	65	3667980	776	714	64	4702
l_date	total_p	niu_p	niu_n	marj_p	marj_n	bbsk_p	bbsk_n	sk_p	sk_n	sk1_p	sk1_n	hlg_p	hlg_n	mxd_cash	mxd_n
121027	-64837629	-2000	2	-6270207	797	-1010328	128	-6871238	1175	-3777312	354	-4059000	2695		0
count(*)
25069
======================total cash==================
sum(cash_sum)
14889
==========lucky=====
chg_points	user_num
-2222700	499
========================top 3 recharge=============================
member_id	sum(t1.chg_game_points)	vc_stb_id
1330839	6000000	014204001011600024C1206236
1369886	3360000	017143002050303C91570009B4
1515218	1440000	012204001051700024C12D74E0
========================game info=============================
l_date	game_desc	chg_points	user_num	total_num
121027	四国军棋	-486800	123	736
121027	百变双扣	-1010328	128	1448
121027	翻翻棋	-207500	138	596
121027	幸运大转盘	-2222700	499	1098
121027	欢乐谷	-4059000	257	1353
121027	三英战吕布	-52000	25	68
121027	4.0新框飞行棋	-519000	38	264
121027	4.0新框关牌	-478833	165	1332
121027	4.0杭麻	-6270207	797	21763
121027	4.0牛牛	-2000	2	4
121027	4.0三扣一	-3777312	354	5732
121027	4.0双扣	-6871238	1175	22057
121027	4.0象棋	-426000	196	1024
121027	三张牌	-6639440	403	26591
121027	牛神	-31794771	235	11004
121027	新版本限制充值	32495000	199	303
============================================================new billing_recharge data=================================
recharge 50 limited.
count(distinct t2.vc_account_no)
2
recharge 50 below zero
count(distinct t2.vc_account_no)
3
recharge 50 total
count(distinct t2.vc_account_no)
5
recharge 30 limited.
count(distinct t2.vc_account_no)
2
recharge 30 below zero
count(distinct t2.vc_account_no)
6
recharge 30 total
count(distinct t2.vc_account_no)
12
recharge 10 limited.
count(distinct t2.vc_account_no)
22
recharge 10 below zero
count(distinct t2.vc_account_no)
80
recharge 10 total
count(distinct t2.vc_account_no)
126
recharge 5 limited.
count(distinct t2.vc_account_no)
15
recharge 5 below zero
count(distinct t2.vc_account_no)
48
recharge 5 total
count(distinct t2.vc_account_no)
74
recharge 2 limited.
count(distinct t2.vc_account_no)
29
recharge 2 below zero
count(distinct t2.vc_account_no)
105
recharge 2 total
count(distinct t2.vc_account_no)
158
recharge below -300
count(distinct t2.vc_account_no)	sum(t1.l_money)/100
7	153.0000
