===========daily report=================================
l_date	active	active2	active3	active4	stay	stay3	stay7	stay15	stay30	newnum	newnum_play
121031	2937	2196	862	805	0.11764705	0.09756097	0.07317073	0.02439024	0	232	41
l_date	cash_sum	total_num	avg	l_type	name
121031	352	10	35.2000000	201	康德充值
121031	6	2	3.00000000	204	推箱子切水果
121031	1162	37	31.4054054	205	小小西游
121031	323	33	9.78787878	207	赛车
121031	983	97	10.1340206	501	游戏点充值
121031	49	4	12.2500000	502	炮轰外星人
121031	40	4	10.0000000	503	小鬼当家
121031	276	26	10.6153846	101	拓展充值
l_date	mon_points	mon_num	coin_points	coin_num	ingame_num	incash_num	cash
121031	1300000	13	3316300	667	591	22	551
l_date	total_p	niu_p	niu_n	marj_p	marj_n	bbsk_p	bbsk_n	sk_p	sk_n	sk1_p	sk1_n	hlg_p	hlg_n	mxd_cash	mxd_n
121031	-26786788	-910118	63	-6091243	748	-750420	103	-5760864	1046	-3415310	295	-771000	954		0
l_date	l_gid	l_game_name	total_num	user_num	avg_num	game_points	cash_sum
121031	228	New_四国军棋	67	21	3	-58800	0
121031	230	4.0百变双扣	1056	103	10	-750420	0
121031	234	New_翻翻棋	198	66	3	-55000	0
121031	246	New_幸运大转盘	492	246	2	-242400	0
121031	250	New_欢乐谷	3025	954	3	-771000	0
121031	304	4.0关牌	928	134	7	-321618	0
121031	305	4.0杭麻	20376	748	27	-6091243	0
121031	306	4.0牛牛	2407	63	38	-910118	0
121031	307	4.0三扣一	4722	295	16	-3415310	0
121031	308	4.0双扣	19172	1046	18	-5760864	0
121031	310	4.0象棋	774	137	6	-264000	0
121031	311	4.0五子棋	30	8	4	-1000	0
121031	313	4.3炸金花	14920	198	75	-8145015	0
121031	999	新版正式计费充值	126	96	1	11070000	0
count(*)
12845
======================total cash==================
sum(cash_sum)
3191
==========lucky=====
chg_points	user_num
-242400	246
========================top 3 recharge=============================
member_id	sum(t1.chg_game_points)	vc_stb_id
1497476	480000	089964001011800024C129B7EB
1316194	360000	017143002050303C9157000F47
1464405	360000	120517002051000019F05CCF5A
========================game info=============================
l_date	game_id	game_desc	chg_points	user_num	total_num
121031	228	四国军棋	-58800	21	67
121031	230	百变双扣	-750420	103	1056
121031	234	翻翻棋	-55000	66	198
121031	246	幸运大转盘	-242400	246	492
121031	250	欢乐谷	-771000	65	257
121031	304	4.0新框关牌	-321618	134	928
121031	305	4.0杭麻	-6091243	748	20376
121031	306	4.0牛牛	-910118	63	2407
121031	307	4.0三扣一	-3415310	295	4722
121031	308	4.0双扣	-5760864	1046	19172
121031	310	4.0象棋	-264000	137	774
121031	313	三张牌	-8145015	198	14920
121031	999	新版本限制充值	11070000	96	126
============================================================new billing_recharge data=================================
recharge 50 limited.
count(distinct t2.vc_account_no)
0
recharge 50 below zero
count(distinct t2.vc_account_no)
1
recharge 50 total
count(distinct t2.vc_account_no)
1
recharge 30 limited.
count(distinct t2.vc_account_no)
0
recharge 30 below zero
count(distinct t2.vc_account_no)
0
recharge 30 total
count(distinct t2.vc_account_no)
2
recharge 10 limited.
count(distinct t2.vc_account_no)
2
recharge 10 below zero
count(distinct t2.vc_account_no)
22
recharge 10 total
count(distinct t2.vc_account_no)
51
recharge 5 limited.
count(distinct t2.vc_account_no)
1
recharge 5 below zero
count(distinct t2.vc_account_no)
13
recharge 5 total
count(distinct t2.vc_account_no)
25
recharge 2 limited.
count(distinct t2.vc_account_no)
7
recharge 2 below zero
count(distinct t2.vc_account_no)
31
recharge 2 total
count(distinct t2.vc_account_no)
39
recharge below -300
count(distinct t2.vc_account_no)	sum(t1.l_money)/100
1	20.0000
